[2025-08-29 06:47:15] [INFO] Database connection successful
[2025-08-29 06:47:15] [INFO] Static Data Getch Success
[2025-08-29 06:48:22] [INFO] Database connection successful
[2025-08-29 06:48:22] [INFO] Mailing PDF file uploaded properly.
[2025-08-29 06:48:24] [ERROR] PDF count failed:
[2025-08-29 06:50:37] [INFO] Database connection successful
[2025-08-29 06:50:37] [INFO] Mailing PDF file uploaded properly.
[2025-08-29 06:50:37] [INFO] PDF Count Success
[2025-08-29 06:50:37] [INFO] PDF and CSV Count Matched
[2025-08-29 06:50:37] [INFO] FastAPI barcode crop Success
[2025-08-29 06:50:37] [INFO] File Available from Response
[2025-08-29 06:50:37] [INFO] Database connection successful
[2025-08-29 06:56:00] [INFO] Database connection successful
[2025-08-29 07:04:29] [ERROR] Error downloading PDF: 
[2025-08-29 07:04:29] [INFO] PDF Downloaded Successfully
[2025-08-29 07:05:12] [ERROR] PDF error:
[2025-08-29 07:05:12] [INFO] PDF generation Success
[2025-08-29 07:05:12] [ERROR] Error downloading PDF: 
[2025-08-29 07:05:12] [INFO] PDF Downloaded Successfully
[2025-08-29 07:05:12] [INFO] Database connection successful
[2025-08-29 07:05:17] [INFO] Database connection successful
